# JRE version: Java(TM) SE Runtime Environment (8.0_231-b11) (build 1.8.0_231-b11)
# Java VM: Java HotSpot(TM) 64-Bit Server VM (25.231-b11 mixed mode windows-amd64 compressed oops)
Heap:
 PSYoungGen      total 188416K, used 54153K [0x00000000d5c00000, 0x00000000e2680000, 0x0000000100000000)
  eden space 174080K, 31% used [0x00000000d5c00000,0x00000000d90e2448,0x00000000e0600000)
  from space 14336K, 0% used [0x00000000e1880000,0x00000000e1880000,0x00000000e2680000)
  to   space 16384K, 0% used [0x00000000e0680000,0x00000000e0680000,0x00000000e1680000)
 ParOldGen       total 137728K, used 25402K [0x0000000081400000, 0x0000000089a80000, 0x00000000d5c00000)
  object space 137728K, 18% used [0x0000000081400000,0x0000000082ccea78,0x0000000089a80000)
 Metaspace       used 60037K, capacity 63478K, committed 63744K, reserved 1103872K
  class space    used 8288K, capacity 8882K, committed 8960K, reserved 1048576K
GC Heap History (10 events):
Event: 9.509 GC heap before
{Heap before GC invocations=9 (full 1):
 PSYoungGen      total 140288K, used 49731K [0x00000000d5c00000, 0x00000000dfe00000, 0x0000000100000000)
  eden space 131584K, 31% used [0x00000000d5c00000,0x00000000d84181c8,0x00000000ddc80000)
  from space 8704K, 99% used [0x00000000ddc80000,0x00000000de4f8b88,0x00000000de500000)
  to   space 9728K, 0% used [0x00000000df480000,0x00000000df480000,0x00000000dfe00000)
 ParOldGen       total 59904K, used 8244K [0x0000000081400000, 0x0000000084e80000, 0x00000000d5c00000)
  object space 59904K, 13% used [0x0000000081400000,0x0000000081c0d290,0x0000000084e80000)
 Metaspace       used 33314K, capacity 35398K, committed 35496K, reserved 1079296K
  class space    used 4637K, capacity 5029K, committed 5120K, reserved 1048576K
Event: 9.536 GC heap after
Heap after GC invocations=9 (full 1):
 PSYoungGen      total 155136K, used 9720K [0x00000000d5c00000, 0x00000000e3180000, 0x0000000100000000)
  eden space 145408K, 0% used [0x00000000d5c00000,0x00000000d5c00000,0x00000000dea00000)
  from space 9728K, 99% used [0x00000000df480000,0x00000000dfdfe3e0,0x00000000dfe00000)
  to   space 10752K, 0% used [0x00000000dea00000,0x00000000dea00000,0x00000000df480000)
 ParOldGen       total 59904K, used 8356K [0x0000000081400000, 0x0000000084e80000, 0x00000000d5c00000)
  object space 59904K, 13% used [0x0000000081400000,0x0000000081c29180,0x0000000084e80000)
 Metaspace       used 33314K, capacity 35398K, committed 35496K, reserved 1079296K
  class space    used 4637K, capacity 5029K, committed 5120K, reserved 1048576K
}
Event: 9.536 GC heap before
{Heap before GC invocations=10 (full 2):
 PSYoungGen      total 155136K, used 9720K [0x00000000d5c00000, 0x00000000e3180000, 0x0000000100000000)
  eden space 145408K, 0% used [0x00000000d5c00000,0x00000000d5c00000,0x00000000dea00000)
  from space 9728K, 99% used [0x00000000df480000,0x00000000dfdfe3e0,0x00000000dfe00000)
  to   space 10752K, 0% used [0x00000000dea00000,0x00000000dea00000,0x00000000df480000)
 ParOldGen       total 59904K, used 8356K [0x0000000081400000, 0x0000000084e80000, 0x00000000d5c00000)
  object space 59904K, 13% used [0x0000000081400000,0x0000000081c29180,0x0000000084e80000)
 Metaspace       used 33314K, capacity 35398K, committed 35496K, reserved 1079296K
  class space    used 4637K, capacity 5029K, committed 5120K, reserved 1048576K
Event: 9.702 GC heap after
Heap after GC invocations=10 (full 2):
 PSYoungGen      total 155136K, used 0K [0x00000000d5c00000, 0x00000000e3180000, 0x0000000100000000)
  eden space 145408K, 0% used [0x00000000d5c00000,0x00000000d5c00000,0x00000000dea00000)
  from space 9728K, 0% used [0x00000000df480000,0x00000000df480000,0x00000000dfe00000)
  to   space 10752K, 0% used [0x00000000dea00000,0x00000000dea00000,0x00000000df480000)
 ParOldGen       total 95232K, used 15042K [0x0000000081400000, 0x0000000087100000, 0x00000000d5c00000)
  object space 95232K, 15% used [0x0000000081400000,0x00000000822b0a38,0x0000000087100000)
 Metaspace       used 33314K, capacity 35398K, committed 35496K, reserved 1079296K
  class space    used 4637K, capacity 5029K, committed 5120K, reserved 1048576K
}
Event: 14.710 GC heap before
{Heap before GC invocations=11 (full 2):
 PSYoungGen      total 155136K, used 145408K [0x00000000d5c00000, 0x00000000e3180000, 0x0000000100000000)
  eden space 145408K, 100% used [0x00000000d5c00000,0x00000000dea00000,0x00000000dea00000)
  from space 9728K, 0% used [0x00000000df480000,0x00000000df480000,0x00000000dfe00000)
  to   space 10752K, 0% used [0x00000000dea00000,0x00000000dea00000,0x00000000df480000)
 ParOldGen       total 95232K, used 15042K [0x0000000081400000, 0x0000000087100000, 0x00000000d5c00000)
  object space 95232K, 15% used [0x0000000081400000,0x00000000822b0a38,0x0000000087100000)
 Metaspace       used 48181K, capacity 50542K, committed 50816K, reserved 1093632K
  class space    used 6727K, capacity 7203K, committed 7296K, reserved 1048576K
Event: 14.740 GC heap after
Heap after GC invocations=11 (full 2):
 PSYoungGen      total 156160K, used 10736K [0x00000000d5c00000, 0x00000000e2680000, 0x0000000100000000)
  eden space 145408K, 0% used [0x00000000d5c00000,0x00000000d5c00000,0x00000000dea00000)
  from space 10752K, 99% used [0x00000000dea00000,0x00000000df47c0a0,0x00000000df480000)
  to   space 14336K, 0% used [0x00000000e1880000,0x00000000e1880000,0x00000000e2680000)
 ParOldGen       total 95232K, used 20435K [0x0000000081400000, 0x0000000087100000, 0x00000000d5c00000)
  object space 95232K, 21% used [0x0000000081400000,0x00000000827f4e40,0x0000000087100000)
 Metaspace       used 48181K, capacity 50542K, committed 50816K, reserved 1093632K
  class space    used 6727K, capacity 7203K, committed 7296K, reserved 1048576K
}
Event: 29.320 GC heap before
{Heap before GC invocations=12 (full 2):
 PSYoungGen      total 156160K, used 131356K [0x00000000d5c00000, 0x00000000e2680000, 0x0000000100000000)
  eden space 145408K, 82% used [0x00000000d5c00000,0x00000000dd1cb090,0x00000000dea00000)
  from space 10752K, 99% used [0x00000000dea00000,0x00000000df47c0a0,0x00000000df480000)
  to   space 14336K, 0% used [0x00000000e1880000,0x00000000e1880000,0x00000000e2680000)
 ParOldGen       total 95232K, used 20435K [0x0000000081400000, 0x0000000087100000, 0x00000000d5c00000)
  object space 95232K, 21% used [0x0000000081400000,0x00000000827f4e40,0x0000000087100000)
 Metaspace       used 55810K, capacity 59070K, committed 59160K, reserved 1099776K
  class space    used 7705K, capacity 8292K, committed 8320K, reserved 1048576K
Event: 29.361 GC heap after
Heap after GC invocations=12 (full 2):
 PSYoungGen      total 188416K, used 14322K [0x00000000d5c00000, 0x00000000e2680000, 0x0000000100000000)
  eden space 174080K, 0% used [0x00000000d5c00000,0x00000000d5c00000,0x00000000e0600000)
  from space 14336K, 99% used [0x00000000e1880000,0x00000000e267c858,0x00000000e2680000)
  to   space 16384K, 0% used [0x00000000e0680000,0x00000000e0680000,0x00000000e1680000)
 ParOldGen       total 95232K, used 22011K [0x0000000081400000, 0x0000000087100000, 0x00000000d5c00000)
  object space 95232K, 23% used [0x0000000081400000,0x000000008297eda0,0x0000000087100000)
 Metaspace       used 55810K, capacity 59070K, committed 59160K, reserved 1099776K
  class space    used 7705K, capacity 8292K, committed 8320K, reserved 1048576K
}
Event: 29.361 GC heap before
{Heap before GC invocations=13 (full 3):
 PSYoungGen      total 188416K, used 14322K [0x00000000d5c00000, 0x00000000e2680000, 0x0000000100000000)
  eden space 174080K, 0% used [0x00000000d5c00000,0x00000000d5c00000,0x00000000e0600000)
  from space 14336K, 99% used [0x00000000e1880000,0x00000000e267c858,0x00000000e2680000)
  to   space 16384K, 0% used [0x00000000e0680000,0x00000000e0680000,0x00000000e1680000)
 ParOldGen       total 95232K, used 22011K [0x0000000081400000, 0x0000000087100000, 0x00000000d5c00000)
  object space 95232K, 23% used [0x0000000081400000,0x000000008297eda0,0x0000000087100000)
 Metaspace       used 55810K, capacity 59070K, committed 59160K, reserved 1099776K
  class space    used 7705K, capacity 8292K, committed 8320K, reserved 1048576K
Event: 29.814 GC heap after
Heap after GC invocations=13 (full 3):
 PSYoungGen      total 188416K, used 0K [0x00000000d5c00000, 0x00000000e2680000, 0x0000000100000000)
  eden space 174080K, 0% used [0x00000000d5c00000,0x00000000d5c00000,0x00000000e0600000)
  from space 14336K, 0% used [0x00000000e1880000,0x00000000e1880000,0x00000000e2680000)
  to   space 16384K, 0% used [0x00000000e0680000,0x00000000e0680000,0x00000000e1680000)
 ParOldGen       total 137728K, used 25402K [0x0000000081400000, 0x0000000089a80000, 0x00000000d5c00000)
  object space 137728K, 18% used [0x0000000081400000,0x0000000082ccea78,0x0000000089a80000)
 Metaspace       used 55810K, capacity 59070K, committed 59160K, reserved 1099776K
  class space    used 7705K, capacity 8292K, committed 8320K, reserved 1048576K
}

